#
# A fatal error has been detected by the Java Runtime Environment:
#
#  EXCEPTION_PRIV_INSTRUCTION (0xc0000096) at pc=0x0000024207cb48fb, pid=2024, tid=3832
#
# JRE version: OpenJDK Runtime Environment (11.0.10) (build 11.0.10+0-b96-7249189)
# Java VM: OpenJDK 64-Bit Server VM (11.0.10+0-b96-7249189, mixed mode, tiered, compressed oops, g1 gc, windows-amd64)
# Problematic frame:
# J 3743 c2 java.lang.ClassLoader.addClass(Ljava/lang/Class;)V java.base@11.0.10 (9 bytes) @ 0x0000024207cb48fb [0x0000024207cb48c0+0x000000000000003b]
#
# No core dump will be written. Minidumps are not enabled by default on client versions of Windows
#
# If you would like to submit a bug report, please visit:
#   https://bugreport.java.com/bugreport/crash.jsp
#

---------------  S U M M A R Y ------------

Command Line: --add-opens=java.base/java.util=ALL-UNNAMED --add-opens=java.base/java.lang=ALL-UNNAMED --add-opens=java.base/java.lang.invoke=ALL-UNNAMED --add-opens=java.base/java.util=ALL-UNNAMED --add-opens=java.prefs/java.util.prefs=ALL-UNNAMED --add-opens=java.prefs/java.util.prefs=ALL-UNNAMED --add-opens=java.base/java.nio.charset=ALL-UNNAMED --add-opens=java.base/java.net=ALL-UNNAMED --add-opens=java.base/java.util.concurrent.atomic=ALL-UNNAMED -Xmx2048m -Dfile.encoding=UTF-8 -Duser.country=US -Duser.language=en -Duser.variant org.gradle.launcher.daemon.bootstrap.GradleDaemon 7.0.2

Host: Intel(R) Core(TM) i5-3230M CPU @ 2.60GHz, 4 cores, 7G,  Windows 10 , 64 bit Build 15063 (10.0.15063.1058)
Time: Mon Nov  8 14:01:17 2021 India Standard Time elapsed time: 14.963368 seconds (0d 0h 0m 14s)

---------------  T H R E A D  ---------------

Current thread (0x0000024212a30000):  JavaThread "Build operations" [_thread_in_Java, id=3832, stack(0x000000d469e00000,0x000000d469f00000)]

Stack: [0x000000d469e00000,0x000000d469f00000],  sp=0x000000d469efbba0,  free space=1006k
Native frames: (J=compiled Java code, j=interpreted, Vv=VM code, C=native code)
C  0x0000024207cb48fb


siginfo: EXCEPTION_PRIV_INSTRUCTION (0xc0000096)


Register to memory mapping:

RIP=0x0000024207cb48fb is at entry_point+59 in (nmethod*)0x0000024207cb4710
RAX={method} {0x000002420f01b478} 'addClass' '(Ljava/lang/Class;)V' in 'java/lang/ClassLoader'
RBX={method} {0x000002420f01b478} 'addClass' '(Ljava/lang/Class;)V' in 'java/lang/ClassLoader'
RCX=0x000000d469efbe40 is pointing into the stack for thread: 0x0000024212a30000
RDX=0x00000000808a5600 is an oop: org.gradle.internal.classloader.VisitableURLClassLoader 
{0x00000000808a5600} - klass: 'org/gradle/internal/classloader/VisitableURLClassLoader'
RSP=0x000000d469efbba0 is pointing into the stack for thread: 0x0000024212a30000
RBP=0x000000d469efbdf0 is pointing into the stack for thread: 0x0000024212a30000
RSI=0x0000024200000d57 is at begin+0 in a stub
StubRoutines::call_stub [0x0000024200000d57, 0x0000024200000ec4[ (365 bytes)
RDI={method} {0x000002420f01b478} 'addClass' '(Ljava/lang/Class;)V' in 'java/lang/ClassLoader'
R8 =0x00000000875596d0 is an oop: java.lang.Class 
{0x00000000875596d0} - klass: 'java/lang/Class'
R9 =0x0000000000000002 is an unknown value
R10=0x0000000080683dd8 is an oop: java.util.Vector 
{0x0000000080683dd8} - klass: 'java/util/Vector'
R11=0x0000000080683dd8 is an oop: java.util.Vector 
{0x0000000080683dd8} - klass: 'java/util/Vector'
R12=0x0 is NULL
R13=0x000000d469efbc08 is pointing into the stack for thread: 0x0000024212a30000
R14=0x000000d469efc000 is pointing into the stack for thread: 0x0000024212a30000
R15=0x0000024212a30000 is a thread


Registers:
RAX=0x000002420f01b470, RBX=0x000002420f01b470, RCX=0x000000d469efbe40, RDX=0x00000000808a5600
RSP=0x000000d469efbba0, RBP=0x000000d469efbdf0, RSI=0x0000024200000d57, RDI=0x000002420f01b470
R8 =0x00000000875596d0, R9 =0x0000000000000002, R10=0x0000000080683dd8, R11=0x0000000080683dd8
R12=0x0000000000000000, R13=0x000000d469efbc08, R14=0x000000d469efc000, R15=0x0000024212a30000
RIP=0x0000024207cb48fb, EFLAGS=0x0000000000010286

Top of Stack: (sp=0x000000d469efbba0)
0x000000d469efbba0:   0000000000000110 0000024200000002
0x000000d469efbbb0:   0000000000000013 0000024272b702e4
0x000000d469efbbc0:   00000000875596d0 0000000000000100
0x000000d469efbbd0:   0000000000000000 0000000000000110
0x000000d469efbbe0:   0000000000000000 0000000000000000
0x000000d469efbbf0:   000000d469efbdf0 0000024200000e10
0x000000d469efbc00:   0000024200000e10 00000000875596d0
0x000000d469efbc10:   00000000808a5600 0000000000000000
0x000000d469efbc20:   0000000000000100 00007ff900000000
0x000000d469efbc30:   0000000000000001 0000024212a30000
0x000000d469efbc40:   00000242169c3000 000002427f84b860
0x000000d469efbc50:   0000000000000000 0000000000000007
0x000000d469efbc60:   000000d469efc050 0000024200026880
0x000000d469efbc70:   0000000000000138 0000000000000000
0x000000d469efbc80:   000000d469efbd30 00007ff9dd3c1346
0x000000d469efbc90:   0000024200000000 0000000000000138 

Instructions: (pc=0x0000024207cb48fb)
0x0000024207cb47fb:   00 00 00 00 00 00 00 00 00 00 00 00 00 00 00 00
0x0000024207cb480b:   00 00 00 00 00 c0 48 cb 07 42 02 00 00 e0 48 cb
0x0000024207cb481b:   07 42 02 00 00 c0 48 cb 07 42 02 00 00 3f 06 00
0x0000024207cb482b:   00 ff ff ff ff b0 01 00 00 30 06 00 00 58 06 00
0x0000024207cb483b:   00 58 06 00 00 00 00 00 00 20 07 00 00 c0 07 00
0x0000024207cb484b:   00 c8 07 00 00 e0 07 00 00 f8 07 00 00 48 00 00
0x0000024207cb485b:   00 9f 0e 00 00 04 00 00 00 00 00 00 00 00 00 00
0x0000024207cb486b:   00 02 00 00 00 00 00 00 00 00 00 00 00 e0 01 00
0x0000024207cb487b:   00 ff ff ff ff ff ff ff ff 00 00 00 00 0b 60 01
0x0000024207cb488b:   f0 2e cc 01 f0 29 cc 02 f0 70 cc c1 b0 08 34 18
0x0000024207cb489b:   64 44 64 10 64 70 64 48 64 d0 64 10 64 24 64 bd
0x0000024207cb48ab:   00 01 f8 65 fe 00 50 00 c0 0a 64 05 64 0f 64 00
0x0000024207cb48bb:   00 00 00 00 00 44 8b 52 08 49 c1 e2 03 49 3b c2
0x0000024207cb48cb:   0f 85 2f 12 37 f8 66 66 90 0f 1f 84 00 00 00 00
0x0000024207cb48db:   00 66 66 66 90 89 84 24 00 90 ff ff 55 48 83 ec
0x0000024207cb48eb:   50 4c 89 44 24 20 44 8b 5a 24 45 8b d3 08 41 81
0x0000024207cb48fb:   fa c1 6e 00 20 0f 85 b6 01 00 00 4d 8b d3 4c 89
0x0000024207cb490b:   54 24 28 49 8b 02 4c 8b d0 49 83 e2 07 49 83 fa
0x0000024207cb491b:   05 0f 85 b4 01 00 00 41 bb c1 6e 00 20 49 ba 00
0x0000024207cb492b:   00 00 00 00 00 00 00 4f 8d 14 da 4d 8b 92 b8 00
0x0000024207cb493b:   00 00 4d 8b da 4d 0b df 4d 8b c3 4c 33 c0 49 f7
0x0000024207cb494b:   c0 87 ff ff ff 0f 85 eb 01 00 00 4c 8b 54 24 28
0x0000024207cb495b:   45 8b 52 18 4c 8b 5c 24 28 41 ff 43 0c 45 8b 5a
0x0000024207cb496b:   0c 4c 8b 44 24 28 41 8b 68 10 41 3b eb 0f 84 d9
0x0000024207cb497b:   00 00 00 4d 8b da 45 8b 53 0c 41 3b ea 0f 83 1c
0x0000024207cb498b:   01 00 00 45 8b 53 08 41 81 fa e1 27 00 20 0f 85
0x0000024207cb499b:   d6 01 00 00 49 8d 5c ab 10 41 80 7f 30 00 0f 85
0x0000024207cb49ab:   c9 00 00 00 4c 8b d3 4c 8b 44 24 20 4d 8b d8 44
0x0000024207cb49bb:   89 1b 4d 8b d8 4d 33 da 49 c1 eb 14 4d 85 db 74
0x0000024207cb49cb:   58 4d 85 c0 74 53 49 c1 ea 09 48 b9 00 00 89 78
0x0000024207cb49db:   42 02 00 00 49 03 ca 80 39 20 74 3d 4d 8b 97 80
0x0000024207cb49eb:   00 00 00 4d 8b 5f 70 f0 83 44 24 c0 00 80 39 00 


Stack slot to memory mapping:
stack at sp + 0 slots: 0x0000000000000110 is an unknown value
stack at sp + 1 slots: 0x0000024200000002 points into unknown readable memory: 00 00 00 00 00 00
stack at sp + 2 slots: 0x0000000000000013 is an unknown value
stack at sp + 3 slots: 0x0000024272b702e4 points into unknown readable memory: 11 00 10 01
stack at sp + 4 slots: 0x00000000875596d0 is an oop: java.lang.Class 
{0x00000000875596d0} - klass: 'java/lang/Class'
stack at sp + 5 slots: 0x0000000000000100 is an unknown value
stack at sp + 6 slots: 0x0 is NULL
stack at sp + 7 slots: 0x0000000000000110 is an unknown value



---------------  P R O C E S S  ---------------

Threads class SMR info:
_java_thread_list=0x0000024212b5d490, length=40, elements={
0x0000024274daa000, 0x000002427f987000, 0x000002427f990800, 0x000002427faf4800,
0x000002427faf5000, 0x000002427faf7800, 0x000002427fafb800, 0x000002427fafd000,
0x000002427fb02800, 0x000002427fc46000, 0x00000242109fa800, 0x000002421163b000,
0x0000024211653800, 0x0000024210eeb000, 0x0000024212440800, 0x0000024211f65800,
0x000002421184a000, 0x0000024211617800, 0x0000024211ffe000, 0x00000242113ed800,
0x00000242113f3800, 0x00000242113ee800, 0x00000242113f1000, 0x00000242113f4800,
0x00000242113f0000, 0x00000242113ef800, 0x00000242113f2000, 0x00000242113f2800,
0x0000024212a2d000, 0x0000024212a31000, 0x0000024212a2e800, 0x0000024212a2f800,
0x0000024212a2c000, 0x0000024212a35000, 0x0000024212a32800, 0x0000024212a34000,
0x0000024212a30000, 0x0000024212a37800, 0x0000024212a36800, 0x0000024212a31800
}

Java Threads: ( => current thread )
  0x0000024274daa000 JavaThread "main" [_thread_blocked, id=5724, stack(0x000000d466b00000,0x000000d466c00000)]
  0x000002427f987000 JavaThread "Reference Handler" daemon [_thread_blocked, id=1780, stack(0x000000d467200000,0x000000d467300000)]
  0x000002427f990800 JavaThread "Finalizer" daemon [_thread_blocked, id=7472, stack(0x000000d467300000,0x000000d467400000)]
  0x000002427faf4800 JavaThread "Signal Dispatcher" daemon [_thread_blocked, id=1664, stack(0x000000d467400000,0x000000d467500000)]
  0x000002427faf5000 JavaThread "Attach Listener" daemon [_thread_blocked, id=9740, stack(0x000000d467500000,0x000000d467600000)]
  0x000002427faf7800 JavaThread "Service Thread" daemon [_thread_blocked, id=3408, stack(0x000000d467600000,0x000000d467700000)]
  0x000002427fafb800 JavaThread "C2 CompilerThread0" daemon [_thread_blocked, id=7768, stack(0x000000d467700000,0x000000d467800000)]
  0x000002427fafd000 JavaThread "C1 CompilerThread0" daemon [_thread_blocked, id=5276, stack(0x000000d467800000,0x000000d467900000)]
  0x000002427fb02800 JavaThread "Sweeper thread" daemon [_thread_blocked, id=9108, stack(0x000000d467900000,0x000000d467a00000)]
  0x000002427fc46000 JavaThread "Common-Cleaner" daemon [_thread_blocked, id=4456, stack(0x000000d467a00000,0x000000d467b00000)]
  0x00000242109fa800 JavaThread "Daemon health stats" [_thread_blocked, id=5036, stack(0x000000d467f00000,0x000000d468000000)]
  0x000002421163b000 JavaThread "Incoming local TCP Connector on port 56895" [_thread_in_native, id=11112, stack(0x000000d468000000,0x000000d468100000)]
  0x0000024211653800 JavaThread "Daemon periodic checks" [_thread_blocked, id=5888, stack(0x000000d468100000,0x000000d468200000)]
  0x0000024210eeb000 JavaThread "Daemon" [_thread_blocked, id=9796, stack(0x000000d468200000,0x000000d468300000)]
  0x0000024212440800 JavaThread "Handler for socket connection from /127.0.0.1:56895 to /127.0.0.1:56896" [_thread_in_native, id=4432, stack(0x000000d468300000,0x000000d468400000)]
  0x0000024211f65800 JavaThread "Cancel handler" [_thread_blocked, id=7684, stack(0x000000d468400000,0x000000d468500000)]
  0x000002421184a000 JavaThread "Daemon worker" [_thread_blocked, id=7580, stack(0x000000d468500000,0x000000d468600000)]
  0x0000024211617800 JavaThread "Asynchronous log dispatcher for DefaultDaemonConnection: socket connection from /127.0.0.1:56895 to /127.0.0.1:56896" [_thread_blocked, id=4264, stack(0x000000d468600000,0x000000d468700000)]
  0x0000024211ffe000 JavaThread "Stdin handler" [_thread_blocked, id=1992, stack(0x000000d468700000,0x000000d468800000)]
  0x00000242113ed800 JavaThread "Daemon client event forwarder" [_thread_blocked, id=10164, stack(0x000000d468800000,0x000000d468900000)]
  0x00000242113f3800 JavaThread "Cache worker for file hash cache (C:\Users\mayank\.gradle\caches\7.0.2\fileHashes)" [_thread_blocked, id=10188, stack(0x000000d468900000,0x000000d468a00000)]
  0x00000242113ee800 JavaThread "File lock request listener" [_thread_in_native, id=10656, stack(0x000000d468a00000,0x000000d468b00000)]
  0x00000242113f1000 JavaThread "Cache worker for journal cache (C:\Users\mayank\.gradle\caches\journal-1)" [_thread_in_vm, id=4928, stack(0x000000d468c00000,0x000000d468d00000)]
  0x00000242113f4800 JavaThread "Cache worker for file hash cache (C:\Users\mayank\StudioProjects\LetsQuiz\.gradle\7.0.2\fileHashes)" [_thread_blocked, id=10444, stack(0x000000d468e00000,0x000000d468f00000)]
  0x00000242113f0000 JavaThread "File watcher server" daemon [_thread_in_native, id=8768, stack(0x000000d468f00000,0x000000d469000000)]
  0x00000242113ef800 JavaThread "File watcher consumer" daemon [_thread_blocked, id=1704, stack(0x000000d469000000,0x000000d469100000)]
  0x00000242113f2000 JavaThread "Cache worker for checksums cache (C:\Users\mayank\StudioProjects\LetsQuiz\.gradle\checksums)" [_thread_blocked, id=5792, stack(0x000000d469100000,0x000000d469200000)]
  0x00000242113f2800 JavaThread "Cache worker for cache directory md-supplier (C:\Users\mayank\.gradle\caches\7.0.2\md-supplier)" [_thread_blocked, id=6608, stack(0x000000d469200000,0x000000d469300000)]
  0x0000024212a2d000 JavaThread "Cache worker for cache directory md-rule (C:\Users\mayank\.gradle\caches\7.0.2\md-rule)" [_thread_blocked, id=9800, stack(0x000000d469300000,0x000000d469400000)]
  0x0000024212a31000 JavaThread "Cache worker for execution history cache (C:\Users\mayank\.gradle\caches\7.0.2\executionHistory)" [_thread_blocked, id=6500, stack(0x000000d469500000,0x000000d469600000)]
  0x0000024212a2e800 JavaThread "jar transforms" [_thread_blocked, id=8168, stack(0x000000d469700000,0x000000d469800000)]
  0x0000024212a2f800 JavaThread "jar transforms Thread 2" [_thread_blocked, id=5284, stack(0x000000d469800000,0x000000d469900000)]
  0x0000024212a2c000 JavaThread "Cache worker for file content cache (C:\Users\mayank\.gradle\caches\7.0.2\fileContent)" [_thread_blocked, id=2132, stack(0x000000d469900000,0x000000d469a00000)]
  0x0000024212a35000 JavaThread "Cache worker for dependencies-accessors (C:\Users\mayank\StudioProjects\LetsQuiz\.gradle\7.0.2\dependencies-accessors)" [_thread_blocked, id=4436, stack(0x000000d469a00000,0x000000d469b00000)]
  0x0000024212a32800 JavaThread "jar transforms Thread 3" [_thread_blocked, id=1192, stack(0x000000d469b00000,0x000000d469c00000)]
  0x0000024212a34000 JavaThread "Cache worker for Build Output Cleanup Cache (C:\Users\mayank\StudioProjects\LetsQuiz\.gradle\buildOutputCleanup)" [_thread_blocked, id=6860, stack(0x000000d469c00000,0x000000d469d00000)]
=>0x0000024212a30000 JavaThread "Build operations" [_thread_in_Java, id=3832, stack(0x000000d469e00000,0x000000d469f00000)]
  0x0000024212a37800 JavaThread "Build operations Thread 2" [_thread_blocked, id=6772, stack(0x000000d469f00000,0x000000d46a000000)]
  0x0000024212a36800 JavaThread "Build operations Thread 3" [_thread_blocked, id=2784, stack(0x000000d46a000000,0x000000d46a100000)]
  0x0000024212a31800 JavaThread "Build operations Thread 4" [_thread_blocked, id=9884, stack(0x000000d46a100000,0x000000d46a200000)]

Other Threads:
  0x000002427f983800 VMThread "VM Thread" [stack: 0x000000d467100000,0x000000d467200000] [id=1432] _threads_hazard_ptr=0x0000024212b5d490
  0x000002427fc6d800 WatcherThread [stack: 0x000000d467b00000,0x000000d467c00000] [id=11236]
  0x0000024274dc0800 GCTaskThread "GC Thread#0" [stack: 0x000000d466c00000,0x000000d466d00000] [id=4728]
  0x000002427fead800 GCTaskThread "GC Thread#1" [stack: 0x000000d467d00000,0x000000d467e00000] [id=360]
  0x000002427feae800 GCTaskThread "GC Thread#2" [stack: 0x000000d467e00000,0x000000d467f00000] [id=3688]
  0x0000024210c7a800 GCTaskThread "GC Thread#3" [stack: 0x000000d468b00000,0x000000d468c00000] [id=9752]
  0x0000024274df3800 ConcurrentGCThread "G1 Main Marker" [stack: 0x000000d466d00000,0x000000d466e00000] [id=1216]
  0x0000024274df6000 ConcurrentGCThread "G1 Conc#0" [stack: 0x000000d466e00000,0x000000d466f00000] [id=5348]
  0x0000024274e76800 ConcurrentGCThread "G1 Refine#0" [stack: 0x000000d466f00000,0x000000d467000000] [id=5980]
  0x000002427f7d0800 ConcurrentGCThread "G1 Young RemSet Sampling" [stack: 0x000000d467000000,0x000000d467100000] [id=9576]

Threads with active compile tasks:

VM state:synchronizing (normal execution)

VM Mutex/Monitor currently owned by a thread:  ([mutex/lock_event])
[0x0000024272d0b3a0] Safepoint_lock - owner thread: 0x000002427f983800
[0x0000024272d09ff0] Threads_lock - owner thread: 0x000002427f983800

Heap address: 0x0000000080000000, size: 2048 MB, Compressed Oops mode: 32-bit
Narrow klass base: 0x0000000000000000, Narrow klass shift: 3
Compressed class space size: 1073741824 Address: 0x0000000100000000

Heap:
 garbage-first heap   total 131072K, used 39930K [0x0000000080000000, 0x0000000100000000)
  region size 1024K, 19 young (19456K), 8 survivors (8192K)
 Metaspace       used 46631K, capacity 47897K, committed 48256K, reserved 1091584K
  class space    used 5976K, capacity 6422K, committed 6528K, reserved 1048576K
Heap Regions: E=young(eden), S=young(survivor), O=old, HS=humongous(starts), HC=humongous(continues), CS=collection set, F=free, A=archive, TAMS=top-at-mark-start (previous, next)
|   0|0x0000000080000000, 0x0000000080100000, 0x0000000080100000|100%| O|  |TAMS 0x0000000080100000, 0x0000000080000000| Untracked 
|   1|0x0000000080100000, 0x0000000080200000, 0x0000000080200000|100%| O|  |TAMS 0x0000000080200000, 0x0000000080100000| Untracked 
|   2|0x0000000080200000, 0x0000000080300000, 0x0000000080300000|100%| O|  |TAMS 0x0000000080300000, 0x0000000080200000| Untracked 
|   3|0x0000000080300000, 0x0000000080400000, 0x0000000080400000|100%|HS|  |TAMS 0x0000000080400000, 0x0000000080300000| Complete 
|   4|0x0000000080400000, 0x0000000080500000, 0x0000000080500000|100%|HC|  |TAMS 0x0000000080500000, 0x0000000080400000| Complete 
|   5|0x0000000080500000, 0x0000000080600000, 0x0000000080600000|100%|HC|  |TAMS 0x0000000080600000, 0x0000000080500000| Complete 
|   6|0x0000000080600000, 0x0000000080700000, 0x0000000080700000|100%| O|  |TAMS 0x0000000080700000, 0x0000000080600000| Untracked 
|   7|0x0000000080700000, 0x0000000080800000, 0x0000000080800000|100%| O|  |TAMS 0x0000000080800000, 0x0000000080700000| Untracked 
|   8|0x0000000080800000, 0x0000000080900000, 0x0000000080900000|100%| O|  |TAMS 0x0000000080900000, 0x0000000080800000| Untracked 
|   9|0x0000000080900000, 0x0000000080a00000, 0x0000000080a00000|100%| O|  |TAMS 0x0000000080a00000, 0x0000000080900000| Untracked 
|  10|0x0000000080a00000, 0x0000000080b00000, 0x0000000080b00000|100%| O|  |TAMS 0x0000000080b00000, 0x0000000080a00000| Untracked 
|  11|0x0000000080b00000, 0x0000000080c00000, 0x0000000080c00000|100%| O|  |TAMS 0x0000000080c00000, 0x0000000080b00000| Untracked 
|  12|0x0000000080c00000, 0x0000000080d00000, 0x0000000080d00000|100%| O|  |TAMS 0x0000000080d00000, 0x0000000080c00000| Untracked 
|  13|0x0000000080d00000, 0x0000000080e00000, 0x0000000080e00000|100%| O|  |TAMS 0x0000000080e00000, 0x0000000080d00000| Untracked 
|  14|0x0000000080e00000, 0x0000000080f00000, 0x0000000080f00000|100%| O|  |TAMS 0x0000000080f00000, 0x0000000080e00000| Untracked 
|  15|0x0000000080f00000, 0x0000000081000000, 0x0000000081000000|100%| O|  |TAMS 0x0000000081000000, 0x0000000080f00000| Untracked 
|  16|0x0000000081000000, 0x0000000081000000, 0x0000000081100000|  0%| F|  |TAMS 0x0000000081000000, 0x0000000081000000| Untracked 
|  17|0x0000000081100000, 0x0000000081200000, 0x0000000081200000|100%| O|  |TAMS 0x0000000081100000, 0x0000000081100000| Untracked 
|  18|0x0000000081200000, 0x0000000081300000, 0x0000000081300000|100%| O|  |TAMS 0x0000000081200000, 0x0000000081200000| Untracked 
|  19|0x0000000081300000, 0x0000000081400000, 0x0000000081400000|100%| O|  |TAMS 0x0000000081400000, 0x0000000081300000| Untracked 
|  20|0x0000000081400000, 0x0000000081500000, 0x0000000081500000|100%| O|  |TAMS 0x00000000814eb200, 0x0000000081400000| Untracked 
|  21|0x0000000081500000, 0x0000000081600000, 0x0000000081600000|100%| O|  |TAMS 0x0000000081500000, 0x0000000081500000| Untracked 
|  22|0x0000000081600000, 0x0000000081600000, 0x0000000081700000|  0%| F|  |TAMS 0x0000000081600000, 0x0000000081600000| Untracked 
|  23|0x0000000081700000, 0x0000000081700000, 0x0000000081800000|  0%| F|  |TAMS 0x0000000081700000, 0x0000000081700000| Untracked 
|  24|0x0000000081800000, 0x0000000081800000, 0x0000000081900000|  0%| F|  |TAMS 0x0000000081800000, 0x0000000081800000| Untracked 
|  25|0x0000000081900000, 0x0000000081900000, 0x0000000081a00000|  0%| F|  |TAMS 0x0000000081900000, 0x0000000081900000| Untracked 
|  26|0x0000000081a00000, 0x0000000081a00000, 0x0000000081b00000|  0%| F|  |TAMS 0x0000000081a00000, 0x0000000081a00000| Untracked 
|  27|0x0000000081b00000, 0x0000000081b00000, 0x0000000081c00000|  0%| F|  |TAMS 0x0000000081b00000, 0x0000000081b00000| Untracked 
|  28|0x0000000081c00000, 0x0000000081c00000, 0x0000000081d00000|  0%| F|  |TAMS 0x0000000081c00000, 0x0000000081c00000| Untracked 
|  29|0x0000000081d00000, 0x0000000081d00000, 0x0000000081e00000|  0%| F|  |TAMS 0x0000000081d00000, 0x0000000081d00000| Untracked 
|  30|0x0000000081e00000, 0x0000000081e00000, 0x0000000081f00000|  0%| F|  |TAMS 0x0000000081e00000, 0x0000000081e00000| Untracked 
|  31|0x0000000081f00000, 0x0000000081f00000, 0x0000000082000000|  0%| F|  |TAMS 0x0000000081f00000, 0x0000000081f00000| Untracked 
|  32|0x0000000082000000, 0x0000000082000000, 0x0000000082100000|  0%| F|  |TAMS 0x0000000082000000, 0x0000000082000000| Untracked 
|  33|0x0000000082100000, 0x0000000082100000, 0x0000000082200000|  0%| F|  |TAMS 0x0000000082100000, 0x0000000082100000| Untracked 
|  34|0x0000000082200000, 0x0000000082200000, 0x0000000082300000|  0%| F|  |TAMS 0x0000000082200000, 0x0000000082200000| Untracked 
|  35|0x0000000082300000, 0x0000000082300000, 0x0000000082400000|  0%| F|  |TAMS 0x0000000082300000, 0x0000000082300000| Untracked 
|  36|0x0000000082400000, 0x0000000082400000, 0x0000000082500000|  0%| F|  |TAMS 0x0000000082400000, 0x0000000082400000| Untracked 
|  37|0x0000000082500000, 0x0000000082500000, 0x0000000082600000|  0%| F|  |TAMS 0x0000000082500000, 0x0000000082500000| Untracked 
|  38|0x0000000082600000, 0x0000000082600000, 0x0000000082700000|  0%| F|  |TAMS 0x0000000082600000, 0x0000000082600000| Untracked 
|  39|0x0000000082700000, 0x0000000082700000, 0x0000000082800000|  0%| F|  |TAMS 0x0000000082700000, 0x0000000082700000| Untracked 
|  40|0x0000000082800000, 0x0000000082800000, 0x0000000082900000|  0%| F|  |TAMS 0x0000000082800000, 0x0000000082800000| Untracked 
|  41|0x0000000082900000, 0x0000000082900000, 0x0000000082a00000|  0%| F|  |TAMS 0x0000000082900000, 0x0000000082900000| Untracked 
|  42|0x0000000082a00000, 0x0000000082a00000, 0x0000000082b00000|  0%| F|  |TAMS 0x0000000082a00000, 0x0000000082a00000| Untracked 
|  43|0x0000000082b00000, 0x0000000082b00000, 0x0000000082c00000|  0%| F|  |TAMS 0x0000000082b00000, 0x0000000082b00000| Untracked 
|  44|0x0000000082c00000, 0x0000000082cfea48, 0x0000000082d00000| 99%| S|CS|TAMS 0x0000000082c00000, 0x0000000082c00000| Complete 
|  45|0x0000000082d00000, 0x0000000082d00000, 0x0000000082e00000|  0%| F|  |TAMS 0x0000000082d00000, 0x0000000082d00000| Untracked 
|  46|0x0000000082e00000, 0x0000000082e00000, 0x0000000082f00000|  0%| F|  |TAMS 0x0000000082e00000, 0x0000000082e00000| Untracked 
|  47|0x0000000082f00000, 0x0000000082f00000, 0x0000000083000000|  0%| F|  |TAMS 0x0000000082f00000, 0x0000000082f00000| Untracked 
|  48|0x0000000083000000, 0x0000000083000000, 0x0000000083100000|  0%| F|  |TAMS 0x0000000083000000, 0x0000000083000000| Untracked 
|  49|0x0000000083100000, 0x0000000083100000, 0x0000000083200000|  0%| F|  |TAMS 0x0000000083100000, 0x0000000083100000| Untracked 
|  50|0x0000000083200000, 0x0000000083200000, 0x0000000083300000|  0%| F|  |TAMS 0x0000000083200000, 0x0000000083200000| Untracked 
|  51|0x0000000083300000, 0x0000000083300000, 0x0000000083400000|  0%| F|  |TAMS 0x0000000083300000, 0x0000000083300000| Untracked 
|  52|0x0000000083400000, 0x0000000083400000, 0x0000000083500000|  0%| F|  |TAMS 0x0000000083400000, 0x0000000083400000| Untracked 
|  53|0x0000000083500000, 0x0000000083500000, 0x0000000083600000|  0%| F|  |TAMS 0x0000000083500000, 0x0000000083500000| Untracked 
|  54|0x0000000083600000, 0x0000000083700000, 0x0000000083700000|100%| S|CS|TAMS 0x0000000083600000, 0x0000000083600000| Complete 
|  55|0x0000000083700000, 0x0000000083800000, 0x0000000083800000|100%| S|CS|TAMS 0x0000000083700000, 0x0000000083700000| Complete 
|  56|0x0000000083800000, 0x0000000083900000, 0x0000000083900000|100%| S|CS|TAMS 0x0000000083800000, 0x0000000083800000| Complete 
|  57|0x0000000083900000, 0x0000000083a00000, 0x0000000083a00000|100%| S|CS|TAMS 0x0000000083900000, 0x0000000083900000| Complete 
|  58|0x0000000083a00000, 0x0000000083b00000, 0x0000000083b00000|100%| S|CS|TAMS 0x0000000083a00000, 0x0000000083a00000| Complete 
|  59|0x0000000083b00000, 0x0000000083c00000, 0x0000000083c00000|100%| S|CS|TAMS 0x0000000083b00000, 0x0000000083b00000| Complete 
|  60|0x0000000083c00000, 0x0000000083d00000, 0x0000000083d00000|100%| S|CS|TAMS 0x0000000083c00000, 0x0000000083c00000| Complete 
|  61|0x0000000083d00000, 0x0000000083d00000, 0x0000000083e00000|  0%| F|  |TAMS 0x0000000083d00000, 0x0000000083d00000| Untracked 
|  62|0x0000000083e00000, 0x0000000083e00000, 0x0000000083f00000|  0%| F|  |TAMS 0x0000000083e00000, 0x0000000083e00000| Untracked 
|  63|0x0000000083f00000, 0x0000000083f00000, 0x0000000084000000|  0%| F|  |TAMS 0x0000000083f00000, 0x0000000083f00000| Untracked 
|  64|0x0000000084000000, 0x0000000084000000, 0x0000000084100000|  0%| F|  |TAMS 0x0000000084000000, 0x0000000084000000| Untracked 
|  65|0x0000000084100000, 0x0000000084100000, 0x0000000084200000|  0%| F|  |TAMS 0x0000000084100000, 0x0000000084100000| Untracked 
|  66|0x0000000084200000, 0x0000000084200000, 0x0000000084300000|  0%| F|  |TAMS 0x0000000084200000, 0x0000000084200000| Untracked 
|  67|0x0000000084300000, 0x0000000084300000, 0x0000000084400000|  0%| F|  |TAMS 0x0000000084300000, 0x0000000084300000| Untracked 
|  68|0x0000000084400000, 0x0000000084400000, 0x0000000084500000|  0%| F|  |TAMS 0x0000000084400000, 0x0000000084400000| Untracked 
|  69|0x0000000084500000, 0x0000000084500000, 0x0000000084600000|  0%| F|  |TAMS 0x0000000084500000, 0x0000000084500000| Untracked 
|  70|0x0000000084600000, 0x0000000084600000, 0x0000000084700000|  0%| F|  |TAMS 0x0000000084600000, 0x0000000084600000| Untracked 
|  71|0x0000000084700000, 0x0000000084700000, 0x0000000084800000|  0%| F|  |TAMS 0x0000000084700000, 0x0000000084700000| Untracked 
|  72|0x0000000084800000, 0x0000000084800000, 0x0000000084900000|  0%| F|  |TAMS 0x0000000084800000, 0x0000000084800000| Untracked 
|  73|0x0000000084900000, 0x0000000084900000, 0x0000000084a00000|  0%| F|  |TAMS 0x0000000084900000, 0x0000000084900000| Untracked 
|  74|0x0000000084a00000, 0x0000000084a00000, 0x0000000084b00000|  0%| F|  |TAMS 0x0000000084a00000, 0x0000000084a00000| Untracked 
|  75|0x0000000084b00000, 0x0000000084b00000, 0x0000000084c00000|  0%| F|  |TAMS 0x0000000084b00000, 0x0000000084b00000| Untracked 
|  76|0x0000000084c00000, 0x0000000084c00000, 0x0000000084d00000|  0%| F|  |TAMS 0x0000000084c00000, 0x0000000084c00000| Untracked 
|  77|0x0000000084d00000, 0x0000000084d00000, 0x0000000084e00000|  0%| F|  |TAMS 0x0000000084d00000, 0x0000000084d00000| Untracked 
|  78|0x0000000084e00000, 0x0000000084e00000, 0x0000000084f00000|  0%| F|  |TAMS 0x0000000084e00000, 0x0000000084e00000| Untracked 
|  79|0x0000000084f00000, 0x0000000084f00000, 0x0000000085000000|  0%| F|  |TAMS 0x0000000084f00000, 0x0000000084f00000| Untracked 
|  80|0x0000000085000000, 0x0000000085000000, 0x0000000085100000|  0%| F|  |TAMS 0x0000000085000000, 0x0000000085000000| Untracked 
|  81|0x0000000085100000, 0x0000000085100000, 0x0000000085200000|  0%| F|  |TAMS 0x0000000085100000, 0x0000000085100000| Untracked 
|  82|0x0000000085200000, 0x0000000085200000, 0x0000000085300000|  0%| F|  |TAMS 0x0000000085200000, 0x0000000085200000| Untracked 
|  83|0x0000000085300000, 0x0000000085300000, 0x0000000085400000|  0%| F|  |TAMS 0x0000000085300000, 0x0000000085300000| Untracked 
|  84|0x0000000085400000, 0x0000000085400000, 0x0000000085500000|  0%| F|  |TAMS 0x0000000085400000, 0x0000000085400000| Untracked 
|  85|0x0000000085500000, 0x0000000085500000, 0x0000000085600000|  0%| F|  |TAMS 0x0000000085500000, 0x0000000085500000| Untracked 
|  86|0x0000000085600000, 0x0000000085600000, 0x0000000085700000|  0%| F|  |TAMS 0x0000000085600000, 0x0000000085600000| Untracked 
|  87|0x0000000085700000, 0x0000000085700000, 0x0000000085800000|  0%| F|  |TAMS 0x0000000085700000, 0x0000000085700000| Untracked 
|  88|0x0000000085800000, 0x0000000085800000, 0x0000000085900000|  0%| F|  |TAMS 0x0000000085800000, 0x0000000085800000| Untracked 
|  89|0x0000000085900000, 0x0000000085900000, 0x0000000085a00000|  0%| F|  |TAMS 0x0000000085900000, 0x0000000085900000| Untracked 
|  90|0x0000000085a00000, 0x0000000085a00000, 0x0000000085b00000|  0%| F|  |TAMS 0x0000000085a00000, 0x0000000085a00000| Untracked 
|  91|0x0000000085b00000, 0x0000000085b00000, 0x0000000085c00000|  0%| F|  |TAMS 0x0000000085b00000, 0x0000000085b00000| Untracked 
|  92|0x0000000085c00000, 0x0000000085c00000, 0x0000000085d00000|  0%| F|  |TAMS 0x0000000085c00000, 0x0000000085c00000| Untracked 
|  93|0x0000000085d00000, 0x0000000085d00000, 0x0000000085e00000|  0%| F|  |TAMS 0x0000000085d00000, 0x0000000085d00000| Untracked 
|  94|0x0000000085e00000, 0x0000000085e00000, 0x0000000085f00000|  0%| F|  |TAMS 0x0000000085e00000, 0x0000000085e00000| Untracked 
|  95|0x0000000085f00000, 0x0000000085f00000, 0x0000000086000000|  0%| F|  |TAMS 0x0000000085f00000, 0x0000000085f00000| Untracked 
|  96|0x0000000086000000, 0x0000000086000000, 0x0000000086100000|  0%| F|  |TAMS 0x0000000086000000, 0x0000000086000000| Untracked 
|  97|0x0000000086100000, 0x0000000086100000, 0x0000000086200000|  0%| F|  |TAMS 0x0000000086100000, 0x0000000086100000| Untracked 
|  98|0x0000000086200000, 0x0000000086200000, 0x0000000086300000|  0%| F|  |TAMS 0x0000000086200000, 0x0000000086200000| Untracked 
|  99|0x0000000086300000, 0x0000000086300000, 0x0000000086400000|  0%| F|  |TAMS 0x0000000086300000, 0x0000000086300000| Untracked 
| 100|0x0000000086400000, 0x0000000086400000, 0x0000000086500000|  0%| F|  |TAMS 0x0000000086400000, 0x0000000086400000| Untracked 
| 101|0x0000000086500000, 0x0000000086500000, 0x0000000086600000|  0%| F|  |TAMS 0x0000000086500000, 0x0000000086500000| Untracked 
| 102|0x0000000086600000, 0x0000000086600000, 0x0000000086700000|  0%| F|  |TAMS 0x0000000086600000, 0x0000000086600000| Untracked 
| 103|0x0000000086700000, 0x0000000086700000, 0x0000000086800000|  0%| F|  |TAMS 0x0000000086700000, 0x0000000086700000| Untracked 
| 104|0x0000000086800000, 0x0000000086800000, 0x0000000086900000|  0%| F|  |TAMS 0x0000000086800000, 0x0000000086800000| Untracked 
| 105|0x0000000086900000, 0x0000000086900000, 0x0000000086a00000|  0%| F|  |TAMS 0x0000000086900000, 0x0000000086900000| Untracked 
| 106|0x0000000086a00000, 0x0000000086a00000, 0x0000000086b00000|  0%| F|  |TAMS 0x0000000086a00000, 0x0000000086a00000| Untracked 
| 107|0x0000000086b00000, 0x0000000086b00000, 0x0000000086c00000|  0%| F|  |TAMS 0x0000000086b00000, 0x0000000086b00000| Untracked 
| 108|0x0000000086c00000, 0x0000000086c00000, 0x0000000086d00000|  0%| F|  |TAMS 0x0000000086c00000, 0x0000000086c00000| Untracked 
| 109|0x0000000086d00000, 0x0000000086d00000, 0x0000000086e00000|  0%| F|  |TAMS 0x0000000086d00000, 0x0000000086d00000| Untracked 
| 110|0x0000000086e00000, 0x0000000086e00000, 0x0000000086f00000|  0%| F|  |TAMS 0x0000000086e00000, 0x0000000086e00000| Untracked 
| 111|0x0000000086f00000, 0x0000000086f00000, 0x0000000087000000|  0%| F|  |TAMS 0x0000000086f00000, 0x0000000086f00000| Untracked 
| 112|0x0000000087000000, 0x0000000087000000, 0x0000000087100000|  0%| F|  |TAMS 0x0000000087000000, 0x0000000087000000| Untracked 
| 113|0x0000000087100000, 0x0000000087100000, 0x0000000087200000|  0%| F|  |TAMS 0x0000000087100000, 0x0000000087100000| Untracked 
| 114|0x0000000087200000, 0x0000000087200000, 0x0000000087300000|  0%| F|  |TAMS 0x0000000087200000, 0x0000000087200000| Untracked 
| 115|0x0000000087300000, 0x0000000087300000, 0x0000000087400000|  0%| F|  |TAMS 0x0000000087300000, 0x0000000087300000| Untracked 
| 116|0x0000000087400000, 0x0000000087400000, 0x0000000087500000|  0%| F|  |TAMS 0x0000000087400000, 0x0000000087400000| Untracked 
| 117|0x0000000087500000, 0x00000000875e4778, 0x0000000087600000| 89%| E|  |TAMS 0x0000000087500000, 0x0000000087500000| Complete 
| 118|0x0000000087600000, 0x0000000087700000, 0x0000000087700000|100%| E|CS|TAMS 0x0000000087600000, 0x0000000087600000| Complete 
| 119|0x0000000087700000, 0x0000000087800000, 0x0000000087800000|100%| E|CS|TAMS 0x0000000087700000, 0x0000000087700000| Complete 
| 120|0x0000000087800000, 0x0000000087900000, 0x0000000087900000|100%| E|CS|TAMS 0x0000000087800000, 0x0000000087800000| Complete 
| 121|0x0000000087900000, 0x0000000087a00000, 0x0000000087a00000|100%| E|CS|TAMS 0x0000000087900000, 0x0000000087900000| Complete 
| 122|0x0000000087a00000, 0x0000000087b00000, 0x0000000087b00000|100%| E|CS|TAMS 0x0000000087a00000, 0x0000000087a00000| Complete 
| 123|0x0000000087b00000, 0x0000000087c00000, 0x0000000087c00000|100%| E|CS|TAMS 0x0000000087b00000, 0x0000000087b00000| Complete 
| 124|0x0000000087c00000, 0x0000000087d00000, 0x0000000087d00000|100%| E|CS|TAMS 0x0000000087c00000, 0x0000000087c00000| Complete 
| 125|0x0000000087d00000, 0x0000000087e00000, 0x0000000087e00000|100%| E|CS|TAMS 0x0000000087d00000, 0x0000000087d00000| Complete 
| 126|0x0000000087e00000, 0x0000000087f00000, 0x0000000087f00000|100%| E|CS|TAMS 0x0000000087e00000, 0x0000000087e00000| Complete 
| 127|0x0000000087f00000, 0x0000000088000000, 0x0000000088000000|100%| E|CS|TAMS 0x0000000087f00000, 0x0000000087f00000| Complete 

Card table byte_map: [0x0000024278c90000,0x0000024279090000] _byte_map_base: 0x0000024278890000

Marking Bits (Prev, Next): (CMBitMap*) 0x0000024274de9ac0, (CMBitMap*) 0x0000024274de9a88
 Prev Bits: [0x000002427b490000, 0x000002427d490000)
 Next Bits: [0x0000024279490000, 0x000002427b490000)

Polling page: 0x0000024274580000

Metaspace:

Usage:
  Non-class:     40.50 MB capacity,    39.70 MB ( 98%) used,   699.95 KB (  2%) free+waste,   120.38 KB ( <1%) overhead. 
      Class:      6.27 MB capacity,     5.84 MB ( 93%) used,   387.99 KB (  6%) free+waste,    57.63 KB ( <1%) overhead. 
       Both:     46.77 MB capacity,    45.54 MB ( 97%) used,     1.06 MB (  2%) free+waste,   178.00 KB ( <1%) overhead. 

Virtual space:
  Non-class space:       42.00 MB reserved,      40.75 MB ( 97%) committed 
      Class space:        1.00 GB reserved,       6.38 MB ( <1%) committed 
             Both:        1.04 GB reserved,      47.13 MB (  4%) committed 

Chunk freelists:
   Non-Class:  61.00 KB
       Class:  0 bytes
        Both:  61.00 KB

MaxMetaspaceSize: 17179869184.00 GB
CompressedClassSpaceSize: 1.00 GB

CodeHeap 'non-profiled nmethods': size=120064Kb used=2537Kb max_used=2537Kb free=117526Kb
 bounds [0x0000024207ac0000, 0x0000024207d40000, 0x000002420f000000]
CodeHeap 'profiled nmethods': size=120000Kb used=9422Kb max_used=9422Kb free=110578Kb
 bounds [0x0000024200590000, 0x0000024200ed0000, 0x0000024207ac0000]
CodeHeap 'non-nmethods': size=5696Kb used=2216Kb max_used=2257Kb free=3480Kb
 bounds [0x0000024200000000, 0x0000024200270000, 0x0000024200590000]
 total_blobs=5483 nmethods=4696 adapters=698
 compilation: enabled
              stopped_count=0, restarted_count=0
 full_count=0

Compilation events (20 events):
Event: 14.647 Thread 0x000002427fafd000 4687       3       org.gradle.internal.component.local.model.ComponentFileArtifactIdentifier::getFileName (8 bytes)
Event: 14.648 Thread 0x000002427fafd000 nmethod 4687 0x0000024200eb9c90 code [0x0000024200eb9e40, 0x0000024200eba008]
Event: 14.649 Thread 0x000002427fafd000 4688       3       org.gradle.api.internal.artifacts.ivyservice.resolutionstrategy.DefaultCachePolicy$AbstractResolutionControl::<init> (10 bytes)
Event: 14.650 Thread 0x000002427fafd000 nmethod 4688 0x0000024200eba110 code [0x0000024200eba2e0, 0x0000024200eba618]
Event: 14.659 Thread 0x000002427fafd000 4689       1       org.gradle.internal.operations.DefaultBuildOperationRunner$DefaultBuildOperationContext::setResult (6 bytes)
Event: 14.660 Thread 0x000002427fafd000 nmethod 4689 0x0000024207d39b10 code [0x0000024207d39cc0, 0x0000024207d39db8]
Event: 14.660 Thread 0x000002427fafd000 4690       1       org.gradle.internal.operations.DefaultBuildOperationRunner$DefaultBuildOperationContext::getStatus (5 bytes)
Event: 14.660 Thread 0x000002427fafd000 nmethod 4690 0x0000024207d39e10 code [0x0000024207d39fc0, 0x0000024207d3a078]
Event: 14.660 Thread 0x000002427fafd000 4691       1       org.gradle.internal.operations.DefaultBuildOperationRunner$DefaultBuildOperationContext::getResult (5 bytes)
Event: 14.660 Thread 0x000002427fafd000 nmethod 4691 0x0000024207d3a110 code [0x0000024207d3a2c0, 0x0000024207d3a378]
Event: 14.660 Thread 0x000002427fafd000 4692       1       org.gradle.tooling.internal.provider.runner.SubtreeFilteringBuildOperationListener::isEnabled (5 bytes)
Event: 14.660 Thread 0x000002427fafd000 nmethod 4692 0x0000024207d3a410 code [0x0000024207d3a5c0, 0x0000024207d3a678]
Event: 14.672 Thread 0x000002427fafd000 4693   !   3       com.google.common.cache.LocalCache$Segment::runLockedCleanup (39 bytes)
Event: 14.673 Thread 0x000002427fafd000 nmethod 4693 0x0000024200eba790 code [0x0000024200eba9e0, 0x0000024200ebb238]
Event: 14.673 Thread 0x000002427fafd000 4694       3       com.google.common.cache.LocalCache$Segment::runUnlockedCleanup (15 bytes)
Event: 14.674 Thread 0x000002427fafd000 nmethod 4694 0x0000024200ebb610 code [0x0000024200ebb7e0, 0x0000024200ebbb28]
Event: 14.725 Thread 0x000002427fafd000 4695       3       java.io.DataOutputStream::flush (8 bytes)
Event: 14.725 Thread 0x000002427fafd000 nmethod 4695 0x0000024200ebbc90 code [0x0000024200ebbe40, 0x0000024200ebc008]
Event: 14.770 Thread 0x000002427fafd000 4696       3       org.gradle.cache.internal.filelock.DefaultLockStateSerializer$SequenceNumberLockState::<init> (21 bytes)
Event: 14.770 Thread 0x000002427fafd000 nmethod 4696 0x0000024200ebc110 code [0x0000024200ebc2c0, 0x0000024200ebc418]

GC Heap History (16 events):
Event: 1.448 GC heap before
{Heap before GC invocations=0 (full 0):
 garbage-first heap   total 131072K, used 19456K [0x0000000080000000, 0x0000000100000000)
  region size 1024K, 14 young (14336K), 0 survivors (0K)
 Metaspace       used 6725K, capacity 6921K, committed 7168K, reserved 1056768K
  class space    used 582K, capacity 650K, committed 768K, reserved 1048576K
}
Event: 1.452 GC heap after
{Heap after GC invocations=1 (full 0):
 garbage-first heap   total 131072K, used 7829K [0x0000000080000000, 0x0000000100000000)
  region size 1024K, 2 young (2048K), 2 survivors (2048K)
 Metaspace       used 6725K, capacity 6921K, committed 7168K, reserved 1056768K
  class space    used 582K, capacity 650K, committed 768K, reserved 1048576K
}
Event: 1.875 GC heap before
{Heap before GC invocations=1 (full 0):
 garbage-first heap   total 131072K, used 19093K [0x0000000080000000, 0x0000000100000000)
  region size 1024K, 13 young (13312K), 2 survivors (2048K)
 Metaspace       used 9803K, capacity 9986K, committed 10112K, reserved 1058816K
  class space    used 1021K, capacity 1102K, committed 1152K, reserved 1048576K
}
Event: 1.879 GC heap after
{Heap after GC invocations=2 (full 0):
 garbage-first heap   total 131072K, used 9039K [0x0000000080000000, 0x0000000100000000)
  region size 1024K, 2 young (2048K), 2 survivors (2048K)
 Metaspace       used 9803K, capacity 9986K, committed 10112K, reserved 1058816K
  class space    used 1021K, capacity 1102K, committed 1152K, reserved 1048576K
}
Event: 2.342 GC heap before
{Heap before GC invocations=2 (full 0):
 garbage-first heap   total 131072K, used 38735K [0x0000000080000000, 0x0000000100000000)
  region size 1024K, 31 young (31744K), 2 survivors (2048K)
 Metaspace       used 10742K, capacity 10939K, committed 11264K, reserved 1058816K
  class space    used 1124K, capacity 1206K, committed 1280K, reserved 1048576K
}
Event: 2.346 GC heap after
{Heap after GC invocations=3 (full 0):
 garbage-first heap   total 131072K, used 11711K [0x0000000080000000, 0x0000000100000000)
  region size 1024K, 3 young (3072K), 3 survivors (3072K)
 Metaspace       used 10742K, capacity 10939K, committed 11264K, reserved 1058816K
  class space    used 1124K, capacity 1206K, committed 1280K, reserved 1048576K
}
Event: 5.005 GC heap before
{Heap before GC invocations=3 (full 0):
 garbage-first heap   total 131072K, used 76223K [0x0000000080000000, 0x0000000100000000)
  region size 1024K, 67 young (68608K), 3 survivors (3072K)
 Metaspace       used 20610K, capacity 21118K, committed 21248K, reserved 1067008K
  class space    used 2519K, capacity 2720K, committed 2816K, reserved 1048576K
}
Event: 5.015 GC heap after
{Heap after GC invocations=4 (full 0):
 garbage-first heap   total 131072K, used 16329K [0x0000000080000000, 0x0000000100000000)
  region size 1024K, 9 young (9216K), 9 survivors (9216K)
 Metaspace       used 20610K, capacity 21118K, committed 21248K, reserved 1067008K
  class space    used 2519K, capacity 2720K, committed 2816K, reserved 1048576K
}
Event: 7.462 GC heap before
{Heap before GC invocations=5 (full 0):
 garbage-first heap   total 131072K, used 82889K [0x0000000080000000, 0x0000000100000000)
  region size 1024K, 74 young (75776K), 9 survivors (9216K)
 Metaspace       used 26782K, capacity 27445K, committed 27648K, reserved 1073152K
  class space    used 3537K, capacity 3793K, committed 3840K, reserved 1048576K
}
Event: 7.473 GC heap after
{Heap after GC invocations=6 (full 0):
 garbage-first heap   total 131072K, used 18989K [0x0000000080000000, 0x0000000100000000)
  region size 1024K, 3 young (3072K), 3 survivors (3072K)
 Metaspace       used 26782K, capacity 27445K, committed 27648K, reserved 1073152K
  class space    used 3537K, capacity 3793K, committed 3840K, reserved 1048576K
}
Event: 9.132 GC heap before
{Heap before GC invocations=6 (full 0):
 garbage-first heap   total 131072K, used 60973K [0x0000000080000000, 0x0000000100000000)
  region size 1024K, 46 young (47104K), 3 survivors (3072K)
 Metaspace       used 35036K, capacity 35798K, committed 35840K, reserved 1081344K
  class space    used 4542K, capacity 4832K, committed 4864K, reserved 1048576K
}
Event: 9.144 GC heap after
{Heap after GC invocations=7 (full 0):
 garbage-first heap   total 131072K, used 21741K [0x0000000080000000, 0x0000000100000000)
  region size 1024K, 6 young (6144K), 6 survivors (6144K)
 Metaspace       used 35036K, capacity 35798K, committed 35840K, reserved 1081344K
  class space    used 4542K, capacity 4832K, committed 4864K, reserved 1048576K
}
Event: 10.515 GC heap before
{Heap before GC invocations=8 (full 0):
 garbage-first heap   total 131072K, used 93421K [0x0000000080000000, 0x0000000100000000)
  region size 1024K, 74 young (75776K), 6 survivors (6144K)
 Metaspace       used 40095K, capacity 41037K, committed 41088K, reserved 1085440K
  class space    used 5154K, capacity 5500K, committed 5504K, reserved 1048576K
}
Event: 10.537 GC heap after
{Heap after GC invocations=9 (full 0):
 garbage-first heap   total 131072K, used 27007K [0x0000000080000000, 0x0000000100000000)
  region size 1024K, 9 young (9216K), 9 survivors (9216K)
 Metaspace       used 40095K, capacity 41037K, committed 41088K, reserved 1085440K
  class space    used 5154K, capacity 5500K, committed 5504K, reserved 1048576K
}
Event: 12.847 GC heap before
{Heap before GC invocations=10 (full 0):
 garbage-first heap   total 131072K, used 95615K [0x0000000080000000, 0x0000000100000000)
  region size 1024K, 76 young (77824K), 9 survivors (9216K)
 Metaspace       used 45949K, capacity 47129K, committed 47360K, reserved 1089536K
  class space    used 5890K, capacity 6316K, committed 6400K, reserved 1048576K
}
Event: 12.873 GC heap after
{Heap after GC invocations=11 (full 0):
 garbage-first heap   total 131072K, used 29690K [0x0000000080000000, 0x0000000100000000)
  region size 1024K, 8 young (8192K), 8 survivors (8192K)
 Metaspace       used 45949K, capacity 47129K, committed 47360K, reserved 1089536K
  class space    used 5890K, capacity 6316K, committed 6400K, reserved 1048576K
}

Deoptimization events (20 events):
Event: 12.997 Thread 0x0000024212a30000 Uncommon trap: reason=speculate_null_assert action=make_not_entrant pc=0x0000024207cd8c38 method=java.lang.invoke.MethodType$ConcurrentWeakInternSet.add(Ljava/lang/Object;)Ljava/lang/Object; @ 47 c2
Event: 12.997 Thread 0x0000024212a30000 DEOPT PACKING pc=0x0000024207cd8c38 sp=0x000000d469efd7c0
Event: 12.997 Thread 0x0000024212a31800 DEOPT UNPACKING pc=0x000002420002782f sp=0x000000d46a1fd6f8 mode 2
Event: 12.997 Thread 0x0000024212a30000 DEOPT UNPACKING pc=0x000002420002782f sp=0x000000d469efd778 mode 2
Event: 13.065 Thread 0x0000024212a31800 Uncommon trap: trap_request=0xffffff4d fr.pc=0x0000024207b5992c relative=0x000000000000014c
Event: 13.065 Thread 0x0000024212a31800 Uncommon trap: reason=unstable_if action=reinterpret pc=0x0000024207b5992c method=java.util.concurrent.ConcurrentHashMap.addCount(JI)V @ 7 c2
Event: 13.065 Thread 0x0000024212a31800 DEOPT PACKING pc=0x0000024207b5992c sp=0x000000d46a1fe630
Event: 13.065 Thread 0x0000024212a31800 DEOPT UNPACKING pc=0x000002420002782f sp=0x000000d46a1fe570 mode 2
Event: 13.296 Thread 0x0000024212a36800 DEOPT PACKING pc=0x0000024200c130f4 sp=0x000000d46a0fdd50
Event: 13.296 Thread 0x0000024212a36800 DEOPT UNPACKING pc=0x000002420002764e sp=0x000000d46a0fd2f0 mode 0
Event: 13.620 Thread 0x000002421184a000 Uncommon trap: trap_request=0xffffffcc fr.pc=0x0000024207d2dd44 relative=0x0000000000001084
Event: 13.620 Thread 0x000002421184a000 Uncommon trap: reason=intrinsic_or_type_checked_inlining action=make_not_entrant pc=0x0000024207d2dd44 method=java.util.ArrayList.toArray([Ljava/lang/Object;)[Ljava/lang/Object; @ 36 c2
Event: 13.620 Thread 0x000002421184a000 DEOPT PACKING pc=0x0000024207d2dd44 sp=0x000000d4685f87b0
Event: 13.620 Thread 0x000002421184a000 DEOPT UNPACKING pc=0x000002420002782f sp=0x000000d4685f8708 mode 2
Event: 13.834 Thread 0x000002421184a000 DEOPT PACKING pc=0x0000024200c130f4 sp=0x000000d4685f8410
Event: 13.834 Thread 0x000002421184a000 DEOPT UNPACKING pc=0x000002420002764e sp=0x000000d4685f79b0 mode 0
Event: 14.322 Thread 0x0000024212a30000 DEOPT PACKING pc=0x0000024200c130f4 sp=0x000000d469efdac0
Event: 14.322 Thread 0x0000024212a30000 DEOPT UNPACKING pc=0x000002420002764e sp=0x000000d469efd060 mode 0
Event: 14.729 Thread 0x0000024212a36800 DEOPT PACKING pc=0x0000024200c130f4 sp=0x000000d46a0fd340
Event: 14.729 Thread 0x0000024212a36800 DEOPT UNPACKING pc=0x000002420002764e sp=0x000000d46a0fc8e0 mode 0

Classes redefined (0 events):
No events

Internal exceptions (20 events):
Event: 10.975 Thread 0x000002421184a000 Exception <a 'java/lang/ClassNotFoundException'{0x0000000086d0a0d8}: org/gradle/api/internal/project/ProjectScriptCustomizer> (0x0000000086d0a0d8) thrown at [./src/hotspot/share/classfile/systemDictionary.cpp, line 231]
Event: 10.976 Thread 0x000002421184a000 Exception <a 'java/lang/ClassNotFoundException'{0x0000000086d252c8}: build_e84o50mtv8620q3d8qi44giw4Customizer> (0x0000000086d252c8) thrown at [./src/hotspot/share/classfile/systemDictionary.cpp, line 231]
Event: 10.985 Thread 0x000002421184a000 Exception <a 'java/lang/ClassNotFoundException'{0x0000000086db6b08}: org/gradle/api/internal/initialization/DefaultScriptHandlerBeanInfo> (0x0000000086db6b08) thrown at [./src/hotspot/share/classfile/systemDictionary.cpp, line 231]
Event: 10.986 Thread 0x000002421184a000 Exception <a 'java/lang/ClassNotFoundException'{0x0000000086ddfac0}: org/gradle/api/internal/initialization/DefaultScriptHandlerCustomizer> (0x0000000086ddfac0) thrown at [./src/hotspot/share/classfile/systemDictionary.cpp, line 231]
Event: 11.086 Thread 0x000002421184a000 Exception <a 'java/lang/ClassNotFoundException'{0x0000000086599dd8}: org/gradle/api/internal/artifacts/dsl/dependencies/DefaultDependencyHandler_DecoratedBeanInfo> (0x0000000086599dd8) thrown at [./src/hotspot/share/classfile/systemDictionary.cpp, line 231]
Event: 11.087 Thread 0x000002421184a000 Exception <a 'java/lang/ClassNotFoundException'{0x00000000865d7f38}: org/gradle/api/internal/artifacts/dsl/dependencies/DefaultDependencyHandlerBeanInfo> (0x00000000865d7f38) thrown at [./src/hotspot/share/classfile/systemDictionary.cpp, line 231]
Event: 11.088 Thread 0x000002421184a000 Exception <a 'java/lang/ClassNotFoundException'{0x0000000086416918}: org/gradle/api/internal/artifacts/dsl/dependencies/DefaultDependencyHandlerCustomizer> (0x0000000086416918) thrown at [./src/hotspot/share/classfile/systemDictionary.cpp, line 231]
Event: 11.091 Thread 0x000002421184a000 Exception <a 'java/lang/ClassNotFoundException'{0x000000008647dd18}: org/gradle/api/internal/artifacts/dsl/dependencies/DefaultDependencyHandler_DecoratedCustomizer> (0x000000008647dd18) thrown at [./src/hotspot/share/classfile/systemDictionary.cpp, line 231]
Event: 11.106 Thread 0x000002421184a000 Exception <a 'java/lang/NoSuchMethodError'{0x00000000863896c0}: 'java.lang.Object java.lang.invoke.DirectMethodHandle$Holder.invokeStatic(java.lang.Object, java.lang.Object, int, java.lang.Object)'> (0x00000000863896c0) thrown at [./src/hotspot/share/interpreter/linkResolver.cpp, line 773]
Event: 11.106 Thread 0x000002421184a000 Exception <a 'java/lang/NoSuchMethodError'{0x0000000086390958}: 'java.lang.Object java.lang.invoke.Invokers$Holder.linkToTargetMethod(java.lang.Object, int, java.lang.Object, java.lang.Object)'> (0x0000000086390958) thrown at [./src/hotspot/share/interpreter/linkResolver.cpp, line 773]
Event: 11.385 Thread 0x000002421184a000 Exception <a 'java/lang/NoSuchMethodError'{0x00000000852b01a8}: 'java.lang.Object java.lang.invoke.DelegatingMethodHandle$Holder.reinvoke_L(java.lang.Object, java.lang.Object, java.lang.Object, java.lang.Object, java.lang.Object, java.lang.Object, java.lang.Object, java.lang.Object, java.lang.Object, java.lang.Object, java.lang.Object, java.lang.Object, java.lang.Object, java.lang.Object, java.lang.Object, java.lang.Object, java.lang.Object, java.lang.Object, java.lang.Object, java.lang.Object, java.lang.O
Event: 11.386 Thread 0x000002421184a000 Exception <a 'java/lang/NoSuchMethodError'{0x00000000852bbbb0}: 'java.lang.Object java.lang.invoke.DirectMethodHandle$Holder.invokeSpecial(java.lang.Object, java.lang.Object, java.lang.Object, java.lang.Object, java.lang.Object, java.lang.Object, java.lang.Object, java.lang.Object, java.lang.Object, java.lang.Object, java.lang.Object, java.lang.Object, java.lang.Object, java.lang.Object, java.lang.Object, java.lang.Object, java.lang.Object, java.lang.Object, java.lang.Object, java.lang.Object, java.lang.Ob
Event: 11.386 Thread 0x000002421184a000 Exception <a 'java/lang/NoSuchMethodError'{0x00000000852c1da0}: 'java.lang.Object java.lang.invoke.Invokers$Holder.invoker(java.lang.Object, java.lang.Object, java.lang.Object, java.lang.Object, java.lang.Object, java.lang.Object, java.lang.Object, java.lang.Object, java.lang.Object, java.lang.Object, java.lang.Object, java.lang.Object, java.lang.Object, java.lang.Object, java.lang.Object, java.lang.Object, java.lang.Object, java.lang.Object, java.lang.Object, java.lang.Object, java.lang.Object)'> (0x00000
Event: 11.386 Thread 0x000002421184a000 Exception <a 'java/lang/NoSuchMethodError'{0x00000000852c9110}: 'java.lang.Object java.lang.invoke.DelegatingMethodHandle$Holder.delegate(java.lang.Object, java.lang.Object, java.lang.Object, java.lang.Object, java.lang.Object, java.lang.Object, java.lang.Object, java.lang.Object, java.lang.Object, java.lang.Object, java.lang.Object, java.lang.Object, java.lang.Object, java.lang.Object, java.lang.Object, java.lang.Object, java.lang.Object, java.lang.Object, java.lang.Object, java.lang.Object, java.lang.Obj
Event: 11.393 Thread 0x000002421184a000 Exception <a 'java/lang/NoSuchMethodError'{0x0000000085112848}: 'java.lang.Object java.lang.invoke.DirectMethodHandle$Holder.invokeStatic(java.lang.Object, java.lang.Object, java.lang.Object, java.lang.Object, java.lang.Object, java.lang.Object, java.lang.Object, java.lang.Object, java.lang.Object, java.lang.Object, java.lang.Object, java.lang.Object, java.lang.Object, java.lang.Object, java.lang.Object)'> (0x0000000085112848) thrown at [./src/hotspot/share/interpreter/linkResolver.cpp, line 773]
Event: 11.395 Thread 0x000002421184a000 Exception <a 'java/lang/NoSuchMethodError'{0x0000000085122e80}: 'java.lang.Object java.lang.invoke.DirectMethodHandle$Holder.invokeStatic(java.lang.Object, java.lang.Object, java.lang.Object, java.lang.Object, java.lang.Object, java.lang.Object, java.lang.Object, java.lang.Object, java.lang.Object, java.lang.Object, java.lang.Object, java.lang.Object, java.lang.Object, java.lang.Object, java.lang.Object, java.lang.Object)'> (0x0000000085122e80) thrown at [./src/hotspot/share/interpreter/linkResolver.cpp, l
Event: 11.396 Thread 0x000002421184a000 Exception <a 'java/lang/NoSuchMethodError'{0x00000000851333c8}: 'java.lang.Object java.lang.invoke.DelegatingMethodHandle$Holder.reinvoke_L(java.lang.Object, java.lang.Object, java.lang.Object, java.lang.Object, java.lang.Object, java.lang.Object, java.lang.Object, java.lang.Object, java.lang.Object, java.lang.Object, java.lang.Object, java.lang.Object, java.lang.Object, java.lang.Object, java.lang.Object, java.lang.Object, java.lang.Object, java.lang.Object, java.lang.Object, java.lang.Object)'> (0x000000
Event: 11.434 Thread 0x000002421184a000 Exception <a 'java/lang/IncompatibleClassChangeError'{0x0000000084e8e3f8}: Found class java.lang.Object, but interface was expected> (0x0000000084e8e3f8) thrown at [./src/hotspot/share/interpreter/linkResolver.cpp, line 839]
Event: 11.648 Thread 0x000002421184a000 Exception <a 'java/lang/NoSuchMethodError'{0x0000000084683b70}: 'int java.lang.invoke.DirectMethodHandle$Holder.invokeStaticInit(java.lang.Object)'> (0x0000000084683b70) thrown at [./src/hotspot/share/interpreter/linkResolver.cpp, line 773]
Event: 12.946 Thread 0x000002421184a000 Exception <a 'java/lang/NoSuchMethodError'{0x0000000087d28618}: 'void java.lang.invoke.DirectMethodHandle$Holder.invokeStatic(java.lang.Object, java.lang.Object, java.lang.Object, int, java.lang.Object)'> (0x0000000087d28618) thrown at [./src/hotspot/share/interpreter/linkResolver.cpp, line 773]

Events (20 events):
Event: 13.442 loading class org/gradle/launcher/daemon/server/health/DaemonMemoryStatus$1
Event: 13.442 loading class org/gradle/launcher/daemon/server/health/DaemonMemoryStatus$1 done
Event: 13.442 loading class org/gradle/launcher/daemon/server/health/DaemonMemoryStatus$2
Event: 13.442 loading class org/gradle/launcher/daemon/server/health/DaemonMemoryStatus$2 done
Event: 13.443 loading class org/gradle/launcher/daemon/server/CompatibleDaemonExpirationStrategy$1
Event: 13.443 loading class org/gradle/launcher/daemon/server/CompatibleDaemonExpirationStrategy$1 done
Event: 13.443 loading class org/gradle/launcher/daemon/registry/PersistentDaemonRegistry$1
Event: 13.443 loading class org/gradle/launcher/daemon/registry/PersistentDaemonRegistry$1 done
Event: 13.444 loading class org/gradle/cache/internal/SimpleStateCache$1
Event: 13.444 loading class org/gradle/cache/internal/SimpleStateCache$1 done
Event: 13.449 loading class org/gradle/launcher/daemon/server/DaemonRegistryUnavailableExpirationStrategy$1
Event: 13.449 loading class org/gradle/launcher/daemon/server/DaemonRegistryUnavailableExpirationStrategy$1 done
Event: 13.450 loading class com/google/common/collect/Lists$TransformingSequentialList$1
Event: 13.450 loading class com/google/common/collect/Lists$TransformingSequentialList$1 done
Event: 13.450 loading class com/google/common/collect/TransformedListIterator
Event: 13.450 loading class com/google/common/collect/TransformedListIterator done
Event: 13.620 Executing VM operation: RevokeBias
Event: 13.620 Executing VM operation: RevokeBias done
Event: 14.902 loading class org/gradle/internal/resources/DefaultResourceLockCoordinationService$ReleaseLocks
Event: 14.902 loading class org/gradle/internal/resources/DefaultResourceLockCoordinationService$ReleaseLocks done


Dynamic libraries:
0x00007ff769fd0000 - 0x00007ff769fda000 	C:\Program Files\Android\Android Studio\jre\bin\java.exe
0x00007ff9e0c20000 - 0x00007ff9e0dfb000 	C:\Windows\SYSTEM32\ntdll.dll
0x00007ff9e09f0000 - 0x00007ff9e0a9e000 	C:\Windows\System32\KERNEL32.DLL
0x00007ff9ddc50000 - 0x00007ff9dde9a000 	C:\Windows\System32\KERNELBASE.dll
0x00007ff9dd3b0000 - 0x00007ff9dd4a6000 	C:\Windows\System32\ucrtbase.dll
0x00007ff9d3ee0000 - 0x00007ff9d3ef7000 	C:\Program Files\Android\Android Studio\jre\bin\VCRUNTIME140.dll
0x00007ff9cf210000 - 0x00007ff9cf229000 	C:\Program Files\Android\Android Studio\jre\bin\jli.dll
0x00007ff9dea80000 - 0x00007ff9debca000 	C:\Windows\System32\USER32.dll
0x00007ff9dd140000 - 0x00007ff9dd15e000 	C:\Windows\System32\win32u.dll
0x00007ff9d3680000 - 0x00007ff9d38e7000 	C:\Windows\WinSxS\amd64_microsoft.windows.common-controls_6595b64144ccf1df_6.0.15063.1155_none_40c7922129a7722b\COMCTL32.dll
0x00007ff9e0780000 - 0x00007ff9e07a7000 	C:\Windows\System32\GDI32.dll
0x00007ff9de9e0000 - 0x00007ff9dea7d000 	C:\Windows\System32\msvcrt.dll
0x00007ff9dd1b0000 - 0x00007ff9dd338000 	C:\Windows\System32\gdi32full.dll
0x00007ff9de670000 - 0x00007ff9de969000 	C:\Windows\System32\combase.dll
0x00007ff9dd4b0000 - 0x00007ff9dd54a000 	C:\Windows\System32\msvcp_win.dll
0x00007ff9e07b0000 - 0x00007ff9e08d5000 	C:\Windows\System32\RPCRT4.dll
0x00007ff9dd340000 - 0x00007ff9dd3aa000 	C:\Windows\System32\bcryptPrimitives.dll
0x00007ff9e0b70000 - 0x00007ff9e0b9d000 	C:\Windows\System32\IMM32.DLL
0x00007ff9cb400000 - 0x00007ff9cb49d000 	C:\Program Files\Android\Android Studio\jre\bin\msvcp140.dll
0x00007ff9ad2e0000 - 0x00007ff9addaf000 	C:\Program Files\Android\Android Studio\jre\bin\server\jvm.dll
0x00007ff9de5c0000 - 0x00007ff9de661000 	C:\Windows\System32\ADVAPI32.dll
0x00007ff9e0aa0000 - 0x00007ff9e0af9000 	C:\Windows\System32\sechost.dll
0x00007ff9de970000 - 0x00007ff9de978000 	C:\Windows\System32\PSAPI.DLL
0x00007ff9d30e0000 - 0x00007ff9d30e9000 	C:\Windows\SYSTEM32\WSOCK32.dll
0x00007ff9e0b00000 - 0x00007ff9e0b6c000 	C:\Windows\System32\WS2_32.dll
0x00007ff9daae0000 - 0x00007ff9dab03000 	C:\Windows\SYSTEM32\WINMM.dll
0x00007ff9d5c50000 - 0x00007ff9d5c5a000 	C:\Windows\SYSTEM32\VERSION.dll
0x00007ff9da7a0000 - 0x00007ff9da7cb000 	C:\Windows\SYSTEM32\winmmbase.dll
0x00007ff9dd160000 - 0x00007ff9dd1a9000 	C:\Windows\System32\cfgmgr32.dll
0x00007ff9dd100000 - 0x00007ff9dd111000 	C:\Windows\System32\kernel.appcore.dll
0x00007ff9cf960000 - 0x00007ff9cf971000 	C:\Program Files\Android\Android Studio\jre\bin\verify.dll
0x00007ff9d19b0000 - 0x00007ff9d1b59000 	C:\Windows\SYSTEM32\DBGHELP.DLL
0x00007ff9d1980000 - 0x00007ff9d19a9000 	C:\Windows\SYSTEM32\dbgcore.DLL
0x00007ff9cb310000 - 0x00007ff9cb339000 	C:\Program Files\Android\Android Studio\jre\bin\java.dll
0x00007ff9d1cf0000 - 0x00007ff9d1cfb000 	C:\Program Files\Android\Android Studio\jre\bin\jimage.dll
0x00007ff9cb370000 - 0x00007ff9cb388000 	C:\Program Files\Android\Android Studio\jre\bin\zip.dll
0x00007ff9df1d0000 - 0x00007ff9e0608000 	C:\Windows\System32\SHELL32.dll
0x00007ff9dedd0000 - 0x00007ff9dee7a000 	C:\Windows\System32\shcore.dll
0x00007ff9dd550000 - 0x00007ff9ddc41000 	C:\Windows\System32\windows.storage.dll
0x00007ff9e0ba0000 - 0x00007ff9e0bf1000 	C:\Windows\System32\shlwapi.dll
0x00007ff9dd090000 - 0x00007ff9dd0dc000 	C:\Windows\System32\powrprof.dll
0x00007ff9dd120000 - 0x00007ff9dd135000 	C:\Windows\System32\profapi.dll
0x00007ff9cb280000 - 0x00007ff9cb29a000 	C:\Program Files\Android\Android Studio\jre\bin\net.dll
0x00007ff9d6f70000 - 0x00007ff9d7046000 	C:\Windows\SYSTEM32\WINHTTP.dll
0x00007ff9dc940000 - 0x00007ff9dc99c000 	C:\Windows\system32\mswsock.dll
0x00007ff9c6710000 - 0x00007ff9c6724000 	C:\Program Files\Android\Android Studio\jre\bin\nio.dll
0x00007ff9d8ad0000 - 0x00007ff9d8af7000 	C:\Users\mayank\.gradle\native\8bec1ad78214c89d9ad589b4d07fe93259594b29d510b10fafb7a158f7737e5d\windows-amd64\native-platform.dll
0x00007ff9c76e0000 - 0x00007ff9c781d000 	C:\Users\mayank\.gradle\native\53dbd7edfb1c66fb8903c78663c9afc45aea4f116125fa6feffd364cf09443e8\windows-amd64\native-platform-file-events.dll
0x00007ff9d1ca0000 - 0x00007ff9d1caa000 	C:\Program Files\Android\Android Studio\jre\bin\management.dll
0x00007ff9cfc10000 - 0x00007ff9cfc1c000 	C:\Program Files\Android\Android Studio\jre\bin\management_ext.dll
0x00007ff9dcaf0000 - 0x00007ff9dcb07000 	C:\Windows\SYSTEM32\CRYPTSP.dll
0x00007ff9dc550000 - 0x00007ff9dc584000 	C:\Windows\system32\rsaenh.dll
0x00007ff9dcf60000 - 0x00007ff9dcf85000 	C:\Windows\SYSTEM32\bcrypt.dll
0x00007ff9dcf90000 - 0x00007ff9dcfb9000 	C:\Windows\SYSTEM32\USERENV.dll
0x00007ff9dcae0000 - 0x00007ff9dcaeb000 	C:\Windows\SYSTEM32\CRYPTBASE.dll
0x00007ff9dc6e0000 - 0x00007ff9dc717000 	C:\Windows\SYSTEM32\IPHLPAPI.DLL
0x00007ff9e0770000 - 0x00007ff9e0778000 	C:\Windows\System32\NSI.dll
0x00007ff9d7e20000 - 0x00007ff9d7e36000 	C:\Windows\SYSTEM32\dhcpcsvc6.DLL
0x00007ff9d8030000 - 0x00007ff9d804a000 	C:\Windows\SYSTEM32\dhcpcsvc.DLL

dbghelp: loaded successfully - version: 4.0.5 - missing functions: none
symbol engine: initialized successfully - sym options: 0x614 - pdb path: .;C:\Program Files\Android\Android Studio\jre\bin;C:\Windows\SYSTEM32;C:\Windows\WinSxS\amd64_microsoft.windows.common-controls_6595b64144ccf1df_6.0.15063.1155_none_40c7922129a7722b;C:\Program Files\Android\Android Studio\jre\bin\server;C:\Users\mayank\.gradle\native\8bec1ad78214c89d9ad589b4d07fe93259594b29d510b10fafb7a158f7737e5d\windows-amd64;C:\Users\mayank\.gradle\native\53dbd7edfb1c66fb8903c78663c9afc45aea4f116125fa6feffd364cf09443e8\windows-amd64

VM Arguments:
jvm_args: --add-opens=java.base/java.util=ALL-UNNAMED --add-opens=java.base/java.lang=ALL-UNNAMED --add-opens=java.base/java.lang.invoke=ALL-UNNAMED --add-opens=java.base/java.util=ALL-UNNAMED --add-opens=java.prefs/java.util.prefs=ALL-UNNAMED --add-opens=java.prefs/java.util.prefs=ALL-UNNAMED --add-opens=java.base/java.nio.charset=ALL-UNNAMED --add-opens=java.base/java.net=ALL-UNNAMED --add-opens=java.base/java.util.concurrent.atomic=ALL-UNNAMED -Xmx2048m -Dfile.encoding=UTF-8 -Duser.country=US -Duser.language=en -Duser.variant 
java_command: org.gradle.launcher.daemon.bootstrap.GradleDaemon 7.0.2
java_class_path (initial): C:\Users\mayank\.gradle\wrapper\dists\gradle-7.0.2-bin\857tjihv64xamwrf0h14cai3r\gradle-7.0.2\lib\gradle-launcher-7.0.2.jar
Launcher Type: SUN_STANDARD

[Global flags]
     intx CICompilerCount                          = 3                                         {product} {ergonomic}
     uint ConcGCThreads                            = 1                                         {product} {ergonomic}
     uint G1ConcRefinementThreads                  = 4                                         {product} {ergonomic}
   size_t G1HeapRegionSize                         = 1048576                                   {product} {ergonomic}
    uintx GCDrainStackTargetSize                   = 64                                        {product} {ergonomic}
   size_t InitialHeapSize                          = 134217728                                 {product} {ergonomic}
   size_t MarkStackSize                            = 4194304                                   {product} {ergonomic}
   size_t MaxHeapSize                              = 2147483648                                {product} {command line}
   size_t MaxNewSize                               = 1287651328                                {product} {ergonomic}
   size_t MinHeapDeltaBytes                        = 1048576                                   {product} {ergonomic}
    uintx NonNMethodCodeHeapSize                   = 5830732                                {pd product} {ergonomic}
    uintx NonProfiledCodeHeapSize                  = 122913754                              {pd product} {ergonomic}
    uintx ProfiledCodeHeapSize                     = 122913754                              {pd product} {ergonomic}
    uintx ReservedCodeCacheSize                    = 251658240                              {pd product} {ergonomic}
     bool SegmentedCodeCache                       = true                                      {product} {ergonomic}
     bool UseCompressedClassPointers               = true                                 {lp64_product} {ergonomic}
     bool UseCompressedOops                        = true                                 {lp64_product} {ergonomic}
     bool UseG1GC                                  = true                                      {product} {ergonomic}
     bool UseLargePagesIndividualAllocation        = false                                  {pd product} {ergonomic}

Logging:
Log output configuration:
 #0: stdout all=warning uptime,level,tags
 #1: stderr all=off uptime,level,tags

Environment Variables:
PATH=C:\Program Files (x86)\Microsoft SDKs\Azure\CLI2\wbin;c:\Program Files (x86)\Intel\iCLS Client\;c:\Program Files\Intel\iCLS Client\;C:\Windows\system32;C:\Windows;C:\Windows\System32\Wbem;C:\Windows\System32\WindowsPowerShell\v1.0\;C:\Program Files\Intel\Intel(R) Management Engine Components\DAL;C:\Program Files\Intel\Intel(R) Management Engine Components\IPT;C:\Program Files (x86)\Intel\Intel(R) Management Engine Components\DAL;C:\Program Files (x86)\Intel\Intel(R) Management Engine Components\IPT;C:\Program Files\Git\cmd;C:\Users\mayank\AppData\Local\Microsoft\WindowsApps;
USERNAME=mayank
OS=Windows_NT
PROCESSOR_IDENTIFIER=Intel64 Family 6 Model 58 Stepping 9, GenuineIntel



---------------  S Y S T E M  ---------------

OS: Windows 10 , 64 bit Build 15063 (10.0.15063.1058)
OS uptime: 5 days 18:47 hours

CPU:total 4 (initial active 4) (2 cores per cpu, 2 threads per core) family 6 model 58 stepping 9 microcode 0x1b, cmov, cx8, fxsr, mmx, sse, sse2, sse3, ssse3, sse4.1, sse4.2, popcnt, avx, aes, clmul, erms, ht, tsc, tscinvbit, tscinv

Memory: 4k page, system-wide physical 8084M (2955M free)
TotalPageFile size 9364M (AvailPageFile size 3299M)
current process WorkingSet (physical memory assigned to process): 271M, peak: 273M
current process commit charge ("private bytes"): 319M, peak: 320M

vm_info: OpenJDK 64-Bit Server VM (11.0.10+0-b96-7249189) for windows-amd64 JRE (11.0.10+0-b96-7249189), built on Mar 31 2021 21:44:00 by "builder" with MS VC++ 14.0 (VS2015)

END.
